<?xml version="1.0" encoding="UTF-8"?>
<coverage generated="1651680785760" clover="3.2.0">
  <project timestamp="1651680785760" name="All files">
    <metrics statements="30" coveredstatements="30" conditionals="14" coveredconditionals="12" methods="6" coveredmethods="6" elements="50" coveredelements="48" complexity="0" loc="30" ncloc="30" packages="1" files="1" classes="1"/>
    <file name="index.ts" path="C:\Users\ismai\OneDrive\Documents\Cours\TD_Polonais_inverse\calculateur-notation-polonaise\src\index.ts">
      <metrics statements="30" coveredstatements="30" conditionals="14" coveredconditionals="12" methods="6" coveredmethods="6"/>
      <line num="1" count="1" type="stmt"/>
      <line num="2" count="6" type="stmt"/>
      <line num="3" count="6" type="stmt"/>
      <line num="4" count="6" type="stmt"/>
      <line num="5" count="6" type="stmt"/>
      <line num="8" count="6" type="stmt"/>
      <line num="9" count="20" type="cond" truecount="4" falsecount="0"/>
      <line num="11" count="4" type="stmt"/>
      <line num="12" count="4" type="stmt"/>
      <line num="14" count="1" type="stmt"/>
      <line num="15" count="1" type="stmt"/>
      <line num="17" count="1" type="stmt"/>
      <line num="18" count="1" type="stmt"/>
      <line num="20" count="1" type="stmt"/>
      <line num="21" count="1" type="stmt"/>
      <line num="24" count="6" type="stmt"/>
      <line num="26" count="1" type="stmt"/>
      <line num="27" count="2" type="stmt"/>
      <line num="28" count="2" type="cond" truecount="2" falsecount="0"/>
      <line num="30" count="1" type="stmt"/>
      <line num="31" count="2" type="cond" truecount="2" falsecount="0"/>
      <line num="32" count="2" type="cond" truecount="2" falsecount="2"/>
      <line num="35" count="1" type="stmt"/>
      <line num="37" count="1" type="stmt"/>
      <line num="38" count="6" type="stmt"/>
      <line num="39" count="6" type="stmt"/>
      <line num="40" count="20" type="cond" truecount="2" falsecount="0"/>
      <line num="41" count="2" type="stmt"/>
      <line num="42" count="2" type="stmt"/>
      <line num="45" count="6" type="stmt"/>
    </file>
  </project>
</coverage>
