{"C:\\Users\\ismai\\OneDrive\\Documents\\Cours\\TD_Polonais_inverse\\calculateur-notation-polonaise\\src\\index.ts": {"path":"C:\\Users\\ismai\\OneDrive\\Documents\\Cours\\TD_Polonais_inverse\\calculateur-notation-polonaise\\src\\index.ts","statementMap":{"0":{"start":{"line":1,"column":26},"end":{"line":25,"column":1}},"1":{"start":{"line":2,"column":15},"end":{"line":2,"column":16}},"2":{"start":{"line":3,"column":16},"end":{"line":3,"column":43}},"3":{"start":{"line":4,"column":19},"end":{"line":4,"column":27}},"4":{"start":{"line":5,"column":15},"end":{"line":5,"column":17}},"5":{"start":{"line":8,"column":2},"end":{"line":23,"column":5}},"6":{"start":{"line":9,"column":4},"end":{"line":22,"column":5}},"7":{"start":{"line":11,"column":8},"end":{"line":11,"column":57}},"8":{"start":{"line":12,"column":8},"end":{"line":12,"column":14}},"9":{"start":{"line":14,"column":8},"end":{"line":14,"column":57}},"10":{"start":{"line":15,"column":8},"end":{"line":15,"column":14}},"11":{"start":{"line":17,"column":8},"end":{"line":17,"column":57}},"12":{"start":{"line":18,"column":8},"end":{"line":18,"column":14}},"13":{"start":{"line":20,"column":8},"end":{"line":20,"column":57}},"14":{"start":{"line":21,"column":8},"end":{"line":21,"column":14}},"15":{"start":{"line":24,"column":2},"end":{"line":24,"column":16}},"16":{"start":{"line":26,"column":36},"end":{"line":36,"column":1}},"17":{"start":{"line":27,"column":31},"end":{"line":27,"column":35}},"18":{"start":{"line":28,"column":2},"end":{"line":28,"column":64}},"19":{"start":{"line":28,"column":24},"end":{"line":28,"column":64}},"20":{"start":{"line":30,"column":2},"end":{"line":33,"column":5}},"21":{"start":{"line":31,"column":4},"end":{"line":31,"column":50}},"22":{"start":{"line":31,"column":19},"end":{"line":31,"column":50}},"23":{"start":{"line":32,"column":4},"end":{"line":32,"column":82}},"24":{"start":{"line":32,"column":51},"end":{"line":32,"column":82}},"25":{"start":{"line":35,"column":2},"end":{"line":35,"column":32}},"26":{"start":{"line":37,"column":38},"end":{"line":46,"column":1}},"27":{"start":{"line":38,"column":16},"end":{"line":38,"column":24}},"28":{"start":{"line":39,"column":2},"end":{"line":44,"column":5}},"29":{"start":{"line":40,"column":4},"end":{"line":43,"column":5}},"30":{"start":{"line":41,"column":6},"end":{"line":41,"column":39}},"31":{"start":{"line":42,"column":6},"end":{"line":42,"column":27}},"32":{"start":{"line":45,"column":2},"end":{"line":45,"column":17}}},"fnMap":{"0":{"name":"(anonymous_0)","decl":{"start":{"line":1,"column":26},"end":{"line":1,"column":27}},"loc":{"start":{"line":1,"column":35},"end":{"line":25,"column":1}},"line":1},"1":{"name":"(anonymous_1)","decl":{"start":{"line":8,"column":14},"end":{"line":8,"column":15}},"loc":{"start":{"line":8,"column":28},"end":{"line":23,"column":3}},"line":8},"2":{"name":"(anonymous_2)","decl":{"start":{"line":26,"column":36},"end":{"line":26,"column":37}},"loc":{"start":{"line":26,"column":45},"end":{"line":36,"column":1}},"line":26},"3":{"name":"(anonymous_3)","decl":{"start":{"line":30,"column":14},"end":{"line":30,"column":15}},"loc":{"start":{"line":30,"column":28},"end":{"line":33,"column":3}},"line":30},"4":{"name":"(anonymous_4)","decl":{"start":{"line":37,"column":38},"end":{"line":37,"column":39}},"loc":{"start":{"line":37,"column":47},"end":{"line":46,"column":1}},"line":37},"5":{"name":"(anonymous_5)","decl":{"start":{"line":39,"column":18},"end":{"line":39,"column":19}},"loc":{"start":{"line":39,"column":32},"end":{"line":44,"column":3}},"line":39}},"branchMap":{"0":{"loc":{"start":{"line":9,"column":4},"end":{"line":22,"column":5}},"type":"switch","locations":[{"start":{"line":10,"column":6},"end":{"line":12,"column":14}},{"start":{"line":13,"column":6},"end":{"line":15,"column":14}},{"start":{"line":16,"column":6},"end":{"line":18,"column":14}},{"start":{"line":19,"column":6},"end":{"line":21,"column":14}}],"line":9},"1":{"loc":{"start":{"line":28,"column":2},"end":{"line":28,"column":64}},"type":"if","locations":[{"start":{"line":28,"column":2},"end":{"line":28,"column":64}},{"start":{},"end":{}}],"line":28},"2":{"loc":{"start":{"line":31,"column":4},"end":{"line":31,"column":50}},"type":"if","locations":[{"start":{"line":31,"column":4},"end":{"line":31,"column":50}},{"start":{},"end":{}}],"line":31},"3":{"loc":{"start":{"line":32,"column":4},"end":{"line":32,"column":82}},"type":"if","locations":[{"start":{"line":32,"column":4},"end":{"line":32,"column":82}},{"start":{},"end":{}}],"line":32},"4":{"loc":{"start":{"line":32,"column":8},"end":{"line":32,"column":49}},"type":"binary-expr","locations":[{"start":{"line":32,"column":8},"end":{"line":32,"column":21}},{"start":{"line":32,"column":25},"end":{"line":32,"column":49}}],"line":32},"5":{"loc":{"start":{"line":40,"column":4},"end":{"line":43,"column":5}},"type":"if","locations":[{"start":{"line":40,"column":4},"end":{"line":43,"column":5}},{"start":{},"end":{}}],"line":40}},"s":{"0":1,"1":6,"2":6,"3":6,"4":6,"5":6,"6":20,"7":4,"8":4,"9":1,"10":1,"11":1,"12":1,"13":1,"14":1,"15":6,"16":1,"17":2,"18":2,"19":1,"20":1,"21":2,"22":1,"23":2,"24":0,"25":1,"26":1,"27":6,"28":6,"29":20,"30":2,"31":2,"32":6},"f":{"0":6,"1":20,"2":2,"3":2,"4":6,"5":20},"b":{"0":[4,1,1,1],"1":[1,1],"2":[1,1],"3":[0,2],"4":[2,0],"5":[2,18]},"_coverageSchema":"1a1c01bbd47fc00a2c39e90264f33305004495a9","hash":"57f97742db8e1ba0b1aa2094ed44bfab2dd32e3d"}
}
