TN:
SF:src\index.ts
FN:1,(anonymous_0)
FN:8,(anonymous_1)
FN:26,(anonymous_2)
FN:30,(anonymous_3)
FN:37,(anonymous_4)
FN:39,(anonymous_5)
FNF:6
FNH:6
FNDA:6,(anonymous_0)
FNDA:20,(anonymous_1)
FNDA:2,(anonymous_2)
FNDA:2,(anonymous_3)
FNDA:6,(anonymous_4)
FNDA:20,(anonymous_5)
DA:1,1
DA:2,6
DA:3,6
DA:4,6
DA:5,6
DA:8,6
DA:9,20
DA:11,4
DA:12,4
DA:14,1
DA:15,1
DA:17,1
DA:18,1
DA:20,1
DA:21,1
DA:24,6
DA:26,1
DA:27,2
DA:28,2
DA:30,1
DA:31,2
DA:32,2
DA:35,1
DA:37,1
DA:38,6
DA:39,6
DA:40,20
DA:41,2
DA:42,2
DA:45,6
LF:30
LH:30
BRDA:9,0,0,4
BRDA:9,0,1,1
BRDA:9,0,2,1
BRDA:9,0,3,1
BRDA:28,1,0,1
BRDA:28,1,1,1
BRDA:31,2,0,1
BRDA:31,2,1,1
BRDA:32,3,0,0
BRDA:32,3,1,2
BRDA:32,4,0,2
BRDA:32,4,1,0
BRDA:40,5,0,2
BRDA:40,5,1,18
BRF:14
BRH:12
end_of_record
